Tue, 22 Mar 2016 00:30:09 GMT express deprecated req.param(name): Use req.params, req.body, or req.query instead at core\config\routerConfig.js:13:29
Tue, 22 Mar 2016 00:30:14 GMT express deprecated req.param(name): Use req.params, req.body, or req.query instead at core\controller\index.js:36:19
Tue, 22 Mar 2016 00:30:14 GMT express deprecated req.param(name): Use req.params, req.body, or req.query instead at eval at <anonymous> (F:\gzh003\node_modules\ejs\lib\ejs.js:455:12), <anonymous>:10:15
(node) sys is deprecated. Use util instead.
Tue, 22 Mar 2016 00:32:31 GMT express deprecated req.param(name): Use req.params, req.body, or req.query instead at core\config\routerConfig.js:13:29
Tue, 22 Mar 2016 00:32:37 GMT express deprecated req.param(name): Use req.params, req.body, or req.query instead at core\controller\index.js:39:19
Tue, 22 Mar 2016 00:32:37 GMT express deprecated req.param(name): Use req.params, req.body, or req.query instead at eval at <anonymous> (F:\gzh003\node_modules\ejs\lib\ejs.js:455:12), <anonymous>:10:15
(node) sys is deprecated. Use util instead.
Tue, 22 Mar 2016 00:33:21 GMT express deprecated req.param(name): Use req.params, req.body, or req.query instead at core\config\routerConfig.js:13:29
Tue, 22 Mar 2016 00:33:48 GMT express deprecated req.param(name): Use req.params, req.body, or req.query instead at core\controller\index.js:39:19
Tue, 22 Mar 2016 00:33:48 GMT express deprecated req.param(name): Use req.params, req.body, or req.query instead at eval at <anonymous> (F:\gzh003\node_modules\ejs\lib\ejs.js:455:12), <anonymous>:10:15
(node) sys is deprecated. Use util instead.
Tue, 22 Mar 2016 00:34:18 GMT express deprecated req.param(name): Use req.params, req.body, or req.query instead at core\config\routerConfig.js:13:29
Tue, 22 Mar 2016 00:34:18 GMT express deprecated req.param(name): Use req.params, req.body, or req.query instead at core\controller\index.js:39:19
Tue, 22 Mar 2016 00:34:18 GMT express deprecated req.param(name): Use req.params, req.body, or req.query instead at eval at <anonymous> (F:\gzh003\node_modules\ejs\lib\ejs.js:455:12), <anonymous>:10:15
(node) sys is deprecated. Use util instead.
Tue, 22 Mar 2016 00:37:05 GMT express deprecated req.param(name): Use req.params, req.body, or req.query instead at core\config\routerConfig.js:13:29
Tue, 22 Mar 2016 00:37:05 GMT express deprecated req.param(name): Use req.params, req.body, or req.query instead at core\controller\index.js:39:19
Tue, 22 Mar 2016 00:37:05 GMT express deprecated req.param(name): Use req.params, req.body, or req.query instead at eval at <anonymous> (F:\gzh003\node_modules\ejs\lib\ejs.js:455:12), <anonymous>:10:15
(node) sys is deprecated. Use util instead.
Tue, 22 Mar 2016 00:39:42 GMT express deprecated req.param(name): Use req.params, req.body, or req.query instead at core\config\routerConfig.js:13:29
(node) sys is deprecated. Use util instead.
Tue, 22 Mar 2016 00:40:17 GMT express deprecated req.param(name): Use req.params, req.body, or req.query instead at core\config\routerConfig.js:13:29
Tue, 22 Mar 2016 00:40:17 GMT express deprecated req.param(name): Use req.params, req.body, or req.query instead at core\controller\index.js:39:19
Tue, 22 Mar 2016 00:40:17 GMT express deprecated req.param(name): Use req.params, req.body, or req.query instead at eval at <anonymous> (F:\gzh003\node_modules\ejs\lib\ejs.js:455:12), <anonymous>:10:15
(node) sys is deprecated. Use util instead.
Tue, 22 Mar 2016 00:42:20 GMT express deprecated req.param(name): Use req.params, req.body, or req.query instead at core\config\routerConfig.js:13:29
Tue, 22 Mar 2016 00:42:20 GMT express deprecated req.param(name): Use req.params, req.body, or req.query instead at core\controller\index.js:39:19
Tue, 22 Mar 2016 00:42:20 GMT express deprecated req.param(name): Use req.params, req.body, or req.query instead at eval at <anonymous> (F:\gzh003\node_modules\ejs\lib\ejs.js:455:12), <anonymous>:10:15
(node) sys is deprecated. Use util instead.
Tue, 22 Mar 2016 00:46:21 GMT express deprecated req.param(name): Use req.params, req.body, or req.query instead at core\config\routerConfig.js:13:29
Tue, 22 Mar 2016 01:24:53 GMT express deprecated req.param(name): Use req.params, req.body, or req.query instead at core\controller\index.js:39:19
Tue, 22 Mar 2016 01:24:53 GMT express deprecated req.param(name): Use req.params, req.body, or req.query instead at eval at <anonymous> (F:\gzh003\node_modules\ejs\lib\ejs.js:455:12), <anonymous>:10:15
Tue, 22 Mar 2016 03:23:02 GMT express deprecated req.param(name): Use req.params, req.body, or req.query instead at eval at <anonymous> (F:\gzh003\node_modules\ejs\lib\ejs.js:455:12), <anonymous>:108:32
Tue, 22 Mar 2016 03:23:02 GMT express deprecated req.param(name): Use req.params, req.body, or req.query instead at eval at <anonymous> (F:\gzh003\node_modules\ejs\lib\ejs.js:455:12), <anonymous>:111:32
Tue, 22 Mar 2016 03:24:43 GMT express deprecated req.param(name): Use req.params, req.body, or req.query instead at core\controller\index.js:255:32
Tue, 22 Mar 2016 03:24:43 GMT express deprecated req.param(name): Use req.params, req.body, or req.query instead at eval at <anonymous> (F:\gzh003\node_modules\ejs\lib\ejs.js:455:12), <anonymous>:29:32
Tue, 22 Mar 2016 03:36:28 GMT express deprecated req.param(name): Use req.params, req.body, or req.query instead at core\controller\index.js:581:28
Tue, 22 Mar 2016 03:36:28 GMT express deprecated req.param(name): Use req.params, req.body, or req.query instead at eval at <anonymous> (F:\gzh003\node_modules\ejs\lib\ejs.js:455:12), <anonymous>:12:15
Tue, 22 Mar 2016 03:50:06 GMT express deprecated req.param(name): Use req.params, req.body, or req.query instead at core\controller\index.js:109:19
请检查手机号码或验证码是否正确。
Tue, 22 Mar 2016 03:50:06 GMT express deprecated res.json(status, obj): Use res.status(status).json(obj) instead at core\controller\index.js:131:24
请检查手机号码或验证码是否正确。
请检查手机号码或验证码是否正确。
Tue, 22 Mar 2016 03:51:25 GMT express deprecated req.param(name): Use req.params, req.body, or req.query instead at eval at <anonymous> (F:\gzh003\node_modules\ejs\lib\ejs.js:455:12), <anonymous>:16:15
Tue, 22 Mar 2016 03:51:36 GMT express deprecated req.param(name): Use req.params, req.body, or req.query instead at core\controller\index.js:545:27
Tue, 22 Mar 2016 03:51:36 GMT express deprecated req.param(name): Use req.params, req.body, or req.query instead at core\controller\index.js:546:28
Tue, 22 Mar 2016 03:51:36 GMT express deprecated req.param(name): Use req.params, req.body, or req.query instead at eval at <anonymous> (F:\gzh003\node_modules\ejs\lib\ejs.js:455:12), <anonymous>:13:15
(node:11759) [DEP0025] DeprecationWarning: sys is deprecated. Use util instead.
(Use `node --trace-deprecation ...` to show where the warning was created)
(node:12389) [DEP0025] DeprecationWarning: sys is deprecated. Use util instead.
(Use `node --trace-deprecation ...` to show where the warning was created)
(node:12389) [DEP0126] DeprecationWarning: timers.active() is deprecated. Please use timeout.refresh() instead.
(node:12389) [DEP0096] DeprecationWarning: timers.unenroll() is deprecated. Please use clearTimeout instead.
Tue, 24 May 2022 11:26:29 GMT express deprecated req.param(name): Use req.params, req.body, or req.query instead at core/config/routerConfig.js:13:29
(node:12389) [DEP0066] DeprecationWarning: OutgoingMessage.prototype._headers is deprecated
(node:12419) [DEP0025] DeprecationWarning: sys is deprecated. Use util instead.
(Use `node --trace-deprecation ...` to show where the warning was created)
(node:12419) [DEP0126] DeprecationWarning: timers.active() is deprecated. Please use timeout.refresh() instead.
(node:12419) [DEP0096] DeprecationWarning: timers.unenroll() is deprecated. Please use clearTimeout instead.
Tue, 24 May 2022 11:29:53 GMT express deprecated req.param(name): Use req.params, req.body, or req.query instead at core/config/routerConfig.js:13:29
(node:12419) [DEP0066] DeprecationWarning: OutgoingMessage.prototype._headers is deprecated
(node:12438) [DEP0025] DeprecationWarning: sys is deprecated. Use util instead.
(Use `node --trace-deprecation ...` to show where the warning was created)
(node:12438) [DEP0126] DeprecationWarning: timers.active() is deprecated. Please use timeout.refresh() instead.
(node:12438) [DEP0096] DeprecationWarning: timers.unenroll() is deprecated. Please use clearTimeout instead.
Tue, 24 May 2022 11:30:11 GMT express deprecated req.param(name): Use req.params, req.body, or req.query instead at core/config/routerConfig.js:13:29
(node:12438) [DEP0066] DeprecationWarning: OutgoingMessage.prototype._headers is deprecated
(node:12500) [DEP0025] DeprecationWarning: sys is deprecated. Use util instead.
(Use `node --trace-deprecation ...` to show where the warning was created)
(node:12500) [DEP0126] DeprecationWarning: timers.active() is deprecated. Please use timeout.refresh() instead.
(node:12500) [DEP0096] DeprecationWarning: timers.unenroll() is deprecated. Please use clearTimeout instead.
